<?xml version="1.0" encoding="UTF-8"?>
<!-- Generated by org.testng.reporters.JUnitReportReporter -->
<testsuite skipped="0" hostname="DESKTOP-VJ6FGVP" name="Books" tests="4" failures="0" timestamp="2021-09-18T06:49:26 COT" time="1.325" errors="0">
  <testcase name="createAndDeleteBook" time="0.442" classname="Books"/>
  <system-out/>
  <testcase name="booksSchema" time="0.332" classname="Books"/>
  <system-out/>
  <testcase name="deleteNoneExistentBookFileMessage" time="0.216" classname="Books"/>
  <system-out/>
  <testcase name="getBooks" time="0.335" classname="Books"/>
  <system-out/>
</testsuite> <!-- Books -->
