<?xml version="1.0" encoding="UTF-8"?>
<!-- Generated by org.testng.reporters.JUnitReportReporter -->
<testsuite skipped="0" hostname="DESKTOP-VJ6FGVP" name="Articles" tests="4" failures="0" timestamp="2021-09-18T06:49:26 COT" time="2.373" errors="0">
  <testcase name="createAndDeleteArticle" time="0.842" classname="Articles"/>
  <system-out/>
  <testcase name="deleteNoneExistentArticleFileMessage" time="0.217" classname="Articles"/>
  <system-out/>
  <testcase name="getArticlesReturnList" time="0.232" classname="Articles"/>
  <system-out/>
  <testcase name="articlesSchema" time="1.082" classname="Articles"/>
  <system-out/>
</testsuite> <!-- Articles -->
